[34minfo[39m: GET en /linkpasswordreset - at 19/3/2024 - 16:19:57
[34minfo[39m: GET en /assets/css/material-kit.css.map - at 19/3/2024 - 16:21:24
[34minfo[39m: GET en /linkpasswordreset - at 19/3/2024 - 16:21:24
[34minfo[39m: GET en /linkpasswordreset - at 19/3/2024 - 16:21:27
[34minfo[39m: GET en /linkpasswordreset - at 19/3/2024 - 16:38:42
[34minfo[39m: GET en /login - at 19/3/2024 - 16:38:43
[34minfo[39m: GET en /assets/css/material-kit.css - at 19/3/2024 - 16:38:43
[34minfo[39m: GET en /assets/css/bootstrap.min.css - at 19/3/2024 - 16:38:43
[34minfo[39m: GET en /assets/js/jquery.min.js - at 19/3/2024 - 16:38:43
[34minfo[39m: GET en /assets/js/bootstrap.min.js - at 19/3/2024 - 16:38:43
[34minfo[39m: GET en /js/login.js - at 19/3/2024 - 16:38:43
[34minfo[39m: GET en /assets/js/material.min.js - at 19/3/2024 - 16:38:43
[34minfo[39m: GET en /assets/js/nouislider.min.js - at 19/3/2024 - 16:38:43
[34minfo[39m: GET en /assets/js/material-kit.js - at 19/3/2024 - 16:38:43
[34minfo[39m: GET en /assets/js/bootstrap-datepicker.js - at 19/3/2024 - 16:38:43
[34minfo[39m: GET en /assets/img/city.jpg - at 19/3/2024 - 16:38:43
[34minfo[39m: GET en /assets/css/material-kit.css.map - at 19/3/2024 - 16:38:44
[34minfo[39m: GET en /assets/img/favicon.png - at 19/3/2024 - 16:38:44
[34minfo[39m: GET en /linkpasswordreset - at 19/3/2024 - 16:38:46
[34minfo[39m: GET en /login - at 19/3/2024 - 16:38:47
[34minfo[39m: GET en /assets/css/bootstrap.min.css - at 19/3/2024 - 16:38:47
[34minfo[39m: GET en /assets/css/material-kit.css - at 19/3/2024 - 16:38:47
[34minfo[39m: GET en /js/login.js - at 19/3/2024 - 16:38:47
[34minfo[39m: GET en /assets/js/jquery.min.js - at 19/3/2024 - 16:38:47
[34minfo[39m: GET en /assets/js/bootstrap.min.js - at 19/3/2024 - 16:38:47
[34minfo[39m: GET en /assets/js/material.min.js - at 19/3/2024 - 16:38:47
[34minfo[39m: GET en /assets/js/nouislider.min.js - at 19/3/2024 - 16:38:47
[34minfo[39m: GET en /assets/js/bootstrap-datepicker.js - at 19/3/2024 - 16:38:47
[34minfo[39m: GET en /assets/js/material-kit.js - at 19/3/2024 - 16:38:47
[34minfo[39m: GET en /assets/img/city.jpg - at 19/3/2024 - 16:38:47
[34minfo[39m: GET en /assets/css/material-kit.css.map - at 19/3/2024 - 16:38:47
[34minfo[39m: GET en /login - at 19/3/2024 - 16:44:58
[34minfo[39m: GET en /assets/css/bootstrap.min.css - at 19/3/2024 - 16:44:58
[34minfo[39m: GET en /assets/css/material-kit.css - at 19/3/2024 - 16:44:58
[34minfo[39m: GET en /assets/js/material.min.js - at 19/3/2024 - 16:44:58
[34minfo[39m: GET en /js/login.js - at 19/3/2024 - 16:44:58
[34minfo[39m: GET en /assets/js/bootstrap.min.js - at 19/3/2024 - 16:44:58
[34minfo[39m: GET en /assets/js/jquery.min.js - at 19/3/2024 - 16:44:58
[34minfo[39m: GET en /assets/js/nouislider.min.js - at 19/3/2024 - 16:44:58
[34minfo[39m: GET en /assets/js/bootstrap-datepicker.js - at 19/3/2024 - 16:44:59
[34minfo[39m: GET en /assets/js/material-kit.js - at 19/3/2024 - 16:44:59
[34minfo[39m: GET en /assets/img/city.jpg - at 19/3/2024 - 16:44:59
[34minfo[39m: GET en /assets/css/material-kit.css.map - at 19/3/2024 - 16:44:59
[34minfo[39m: GET en /assets/img/favicon.png - at 19/3/2024 - 16:44:59
[34minfo[39m: POST en /api/extend/users/login - at 19/3/2024 - 16:45:04
[34minfo[39m: GET en /home - at 19/3/2024 - 16:45:04
[34minfo[39m: GET en /assets/css/bootstrap.min.css - at 19/3/2024 - 16:45:05
[34minfo[39m: GET en /assets/css/material-kit.css - at 19/3/2024 - 16:45:05
[34minfo[39m: GET en /assets/js/jquery.min.js - at 19/3/2024 - 16:45:05
[34minfo[39m: GET en /assets/js/bootstrap.min.js - at 19/3/2024 - 16:45:05
[34minfo[39m: GET en /assets/js/material.min.js - at 19/3/2024 - 16:45:05
[34minfo[39m: GET en /assets/js/nouislider.min.js - at 19/3/2024 - 16:45:05
[34minfo[39m: GET en /assets/js/bootstrap-datepicker.js - at 19/3/2024 - 16:45:05
[34minfo[39m: GET en /assets/js/material-kit.js - at 19/3/2024 - 16:45:05
[34minfo[39m: GET en /assets/img/city.jpg - at 19/3/2024 - 16:45:05
[34minfo[39m: GET en /assets/css/material-kit.css.map - at 19/3/2024 - 16:45:05
[34minfo[39m: GET en / - at 19/3/2024 - 16:45:18
[34minfo[39m: GET en /assets/css/bootstrap.min.css - at 19/3/2024 - 16:45:18
[34minfo[39m: GET en /assets/css/material-kit.css - at 19/3/2024 - 16:45:18
[34minfo[39m: GET en /assets/js/jquery.min.js - at 19/3/2024 - 16:45:18
[34minfo[39m: GET en /assets/js/material.min.js - at 19/3/2024 - 16:45:18
[34minfo[39m: GET en /assets/js/nouislider.min.js - at 19/3/2024 - 16:45:18
[34minfo[39m: GET en /assets/js/bootstrap.min.js - at 19/3/2024 - 16:45:18
[34minfo[39m: GET en /assets/js/bootstrap-datepicker.js - at 19/3/2024 - 16:45:18
[34minfo[39m: GET en /assets/js/material-kit.js - at 19/3/2024 - 16:45:18
[34minfo[39m: GET en /assets/img/city.jpg - at 19/3/2024 - 16:45:18
[34minfo[39m: GET en /assets/css/material-kit.css.map - at 19/3/2024 - 16:45:18
[34minfo[39m: GET en /login - at 19/3/2024 - 16:45:21
[34minfo[39m: GET en /assets/css/bootstrap.min.css - at 19/3/2024 - 16:45:21
[34minfo[39m: GET en /assets/css/material-kit.css - at 19/3/2024 - 16:45:21
[34minfo[39m: GET en /js/login.js - at 19/3/2024 - 16:45:21
[34minfo[39m: GET en /assets/js/jquery.min.js - at 19/3/2024 - 16:45:21
[34minfo[39m: GET en /assets/js/bootstrap.min.js - at 19/3/2024 - 16:45:21
[34minfo[39m: GET en /assets/js/material.min.js - at 19/3/2024 - 16:45:21
[34minfo[39m: GET en /assets/js/nouislider.min.js - at 19/3/2024 - 16:45:21
[34minfo[39m: GET en /assets/js/bootstrap-datepicker.js - at 19/3/2024 - 16:45:21
[34minfo[39m: GET en /assets/js/material-kit.js - at 19/3/2024 - 16:45:21
[34minfo[39m: GET en /assets/img/city.jpg - at 19/3/2024 - 16:45:21
[34minfo[39m: GET en /assets/css/material-kit.css.map - at 19/3/2024 - 16:45:21
[34minfo[39m: GET en /linkpasswordreset - at 19/3/2024 - 16:45:25
[34minfo[39m: GET en /linkpasswordreset - at 19/3/2024 - 16:50:31
[34minfo[39m: GET en /linkpasswordreset - at 19/3/2024 - 16:50:40
[34minfo[39m: GET en /assets/css/material-kit.css.map - at 19/3/2024 - 16:50:42
[34minfo[39m: GET en /login - at 19/3/2024 - 16:50:43
[34minfo[39m: GET en /assets/css/bootstrap.min.css - at 19/3/2024 - 16:50:43
[34minfo[39m: GET en /assets/css/material-kit.css - at 19/3/2024 - 16:50:43
[34minfo[39m: GET en /js/login.js - at 19/3/2024 - 16:50:43
[34minfo[39m: GET en /assets/js/material.min.js - at 19/3/2024 - 16:50:43
[34minfo[39m: GET en /assets/js/bootstrap.min.js - at 19/3/2024 - 16:50:43
[34minfo[39m: GET en /assets/js/jquery.min.js - at 19/3/2024 - 16:50:43
[34minfo[39m: GET en /assets/js/nouislider.min.js - at 19/3/2024 - 16:50:44
[34minfo[39m: GET en /assets/js/bootstrap-datepicker.js - at 19/3/2024 - 16:50:44
[34minfo[39m: GET en /assets/js/material-kit.js - at 19/3/2024 - 16:50:44
[34minfo[39m: GET en /assets/css/material-kit.css.map - at 19/3/2024 - 16:50:44
[34minfo[39m: GET en /assets/img/city.jpg - at 19/3/2024 - 16:50:44
[34minfo[39m: GET en /assets/img/favicon.png - at 19/3/2024 - 16:50:44
[34minfo[39m: GET en /linkpasswordreset - at 19/3/2024 - 16:50:52
[34minfo[39m: GET en /linkpasswordreset - at 19/3/2024 - 16:52:03
[34minfo[39m: GET en /linkpasswordreset - at 19/3/2024 - 16:52:49
[34minfo[39m: GET en /linkpasswordreset - at 19/3/2024 - 16:54:09
[34minfo[39m: GET en /assets/css/bootstrap.min.css - at 19/3/2024 - 16:54:09
[34minfo[39m: GET en /assets/css/material-kit.css - at 19/3/2024 - 16:54:09
[34minfo[39m: GET en /assets/js/bootstrap.min.js - at 19/3/2024 - 16:54:09
[34minfo[39m: GET en /js/linkpasswordreset.js - at 19/3/2024 - 16:54:09
[34minfo[39m: GET en /assets/js/jquery.min.js - at 19/3/2024 - 16:54:09
[34minfo[39m: GET en /assets/js/material.min.js - at 19/3/2024 - 16:54:09
[34minfo[39m: GET en /assets/js/nouislider.min.js - at 19/3/2024 - 16:54:09
[34minfo[39m: GET en /assets/js/bootstrap-datepicker.js - at 19/3/2024 - 16:54:10
[34minfo[39m: GET en /assets/js/material-kit.js - at 19/3/2024 - 16:54:10
[34minfo[39m: GET en /assets/img/city.jpg - at 19/3/2024 - 16:54:10
[34minfo[39m: GET en /assets/css/material-kit.css.map - at 19/3/2024 - 16:54:10
[34minfo[39m: GET en /login - at 19/3/2024 - 16:56:05
[34minfo[39m: GET en /assets/css/bootstrap.min.css - at 19/3/2024 - 16:56:05
[34minfo[39m: GET en /assets/css/material-kit.css - at 19/3/2024 - 16:56:05
[34minfo[39m: GET en /js/login.js - at 19/3/2024 - 16:56:05
[34minfo[39m: GET en /assets/js/material.min.js - at 19/3/2024 - 16:56:05
[34minfo[39m: GET en /assets/js/jquery.min.js - at 19/3/2024 - 16:56:05
[34minfo[39m: GET en /assets/js/bootstrap.min.js - at 19/3/2024 - 16:56:05
[34minfo[39m: GET en /assets/js/nouislider.min.js - at 19/3/2024 - 16:56:06
[34minfo[39m: GET en /assets/js/bootstrap-datepicker.js - at 19/3/2024 - 16:56:06
[34minfo[39m: GET en /assets/js/material-kit.js - at 19/3/2024 - 16:56:06
[34minfo[39m: GET en /assets/img/city.jpg - at 19/3/2024 - 16:56:06
[34minfo[39m: GET en /assets/css/material-kit.css.map - at 19/3/2024 - 16:56:06
[34minfo[39m: GET en /register - at 19/3/2024 - 16:56:07
[34minfo[39m: GET en /register - at 19/3/2024 - 16:57:25
[34minfo[39m: GET en /register - at 19/3/2024 - 16:58:10
[34minfo[39m: GET en /assets/css/bootstrap.min.css - at 19/3/2024 - 16:58:10
[34minfo[39m: GET en /assets/css/material-kit.css - at 19/3/2024 - 16:58:10
[34minfo[39m: GET en /js/register.js - at 19/3/2024 - 16:58:10
[34minfo[39m: GET en /assets/js/bootstrap.min.js - at 19/3/2024 - 16:58:10
[34minfo[39m: GET en /assets/js/jquery.min.js - at 19/3/2024 - 16:58:10
[34minfo[39m: GET en /assets/js/material.min.js - at 19/3/2024 - 16:58:10
[34minfo[39m: GET en /assets/js/nouislider.min.js - at 19/3/2024 - 16:58:10
[34minfo[39m: GET en /assets/js/bootstrap-datepicker.js - at 19/3/2024 - 16:58:10
[34minfo[39m: GET en /assets/js/material-kit.js - at 19/3/2024 - 16:58:10
[34minfo[39m: GET en /assets/img/city.jpg - at 19/3/2024 - 16:58:11
[34minfo[39m: GET en /assets/css/material-kit.css.map - at 19/3/2024 - 16:58:11
[34minfo[39m: GET en /assets/img/favicon.png - at 19/3/2024 - 16:58:11
[34minfo[39m: POST en /api/extend/users/register - at 19/3/2024 - 16:58:40
[34minfo[39m: GET en /api/email/registro?email=mcampos.infocam%40gmail.com - at 19/3/2024 - 16:58:40
[34minfo[39m: GET en / - at 19/3/2024 - 16:58:45
[34minfo[39m: GET en /assets/css/bootstrap.min.css - at 19/3/2024 - 16:58:45
[34minfo[39m: GET en /assets/css/material-kit.css - at 19/3/2024 - 16:58:45
[34minfo[39m: GET en /assets/js/jquery.min.js - at 19/3/2024 - 16:58:45
[34minfo[39m: GET en /assets/js/bootstrap.min.js - at 19/3/2024 - 16:58:45
[34minfo[39m: GET en /assets/js/material.min.js - at 19/3/2024 - 16:58:45
[34minfo[39m: GET en /assets/js/nouislider.min.js - at 19/3/2024 - 16:58:45
[34minfo[39m: GET en /assets/js/bootstrap-datepicker.js - at 19/3/2024 - 16:58:46
[34minfo[39m: GET en /assets/js/material-kit.js - at 19/3/2024 - 16:58:46
[34minfo[39m: GET en /assets/css/material-kit.css.map - at 19/3/2024 - 16:58:46
[34minfo[39m: GET en /assets/img/city.jpg - at 19/3/2024 - 16:58:46
[34minfo[39m: GET en /login - at 19/3/2024 - 16:59:38
[34minfo[39m: GET en /assets/css/bootstrap.min.css - at 19/3/2024 - 16:59:39
[34minfo[39m: GET en /assets/css/material-kit.css - at 19/3/2024 - 16:59:39
[34minfo[39m: GET en /assets/js/jquery.min.js - at 19/3/2024 - 16:59:39
[34minfo[39m: GET en /js/login.js - at 19/3/2024 - 16:59:39
[34minfo[39m: GET en /assets/js/bootstrap.min.js - at 19/3/2024 - 16:59:39
[34minfo[39m: GET en /assets/js/material.min.js - at 19/3/2024 - 16:59:39
[34minfo[39m: GET en /assets/js/nouislider.min.js - at 19/3/2024 - 16:59:39
[34minfo[39m: GET en /assets/js/bootstrap-datepicker.js - at 19/3/2024 - 16:59:39
[34minfo[39m: GET en /assets/js/material-kit.js - at 19/3/2024 - 16:59:39
[34minfo[39m: GET en /assets/img/city.jpg - at 19/3/2024 - 16:59:39
[34minfo[39m: GET en /assets/css/material-kit.css.map - at 19/3/2024 - 16:59:39
[34minfo[39m: GET en /linkpasswordreset - at 19/3/2024 - 16:59:56
[34minfo[39m: GET en /assets/css/bootstrap.min.css - at 19/3/2024 - 16:59:56
[34minfo[39m: GET en /assets/css/material-kit.css - at 19/3/2024 - 16:59:56
[34minfo[39m: GET en /js/linkpasswordreset.js - at 19/3/2024 - 16:59:56
[34minfo[39m: GET en /assets/js/jquery.min.js - at 19/3/2024 - 16:59:56
[34minfo[39m: GET en /assets/js/bootstrap.min.js - at 19/3/2024 - 16:59:56
[34minfo[39m: GET en /assets/js/material.min.js - at 19/3/2024 - 16:59:56
[34minfo[39m: GET en /assets/js/nouislider.min.js - at 19/3/2024 - 16:59:56
[34minfo[39m: GET en /assets/js/bootstrap-datepicker.js - at 19/3/2024 - 16:59:57
[34minfo[39m: GET en /assets/js/material-kit.js - at 19/3/2024 - 16:59:57
[34minfo[39m: GET en /assets/img/city.jpg - at 19/3/2024 - 16:59:57
[34minfo[39m: GET en /assets/css/material-kit.css.map - at 19/3/2024 - 16:59:57
[34minfo[39m: POST en /api/password/reset - at 19/3/2024 - 17:00:09
[34minfo[39m: GET en / - at 19/3/2024 - 17:00:18
[34minfo[39m: GET en /assets/css/bootstrap.min.css - at 19/3/2024 - 17:00:18
[34minfo[39m: GET en /assets/css/material-kit.css - at 19/3/2024 - 17:00:18
[34minfo[39m: GET en /assets/js/material.min.js - at 19/3/2024 - 17:00:18
[34minfo[39m: GET en /assets/js/jquery.min.js - at 19/3/2024 - 17:00:18
[34minfo[39m: GET en /assets/js/bootstrap.min.js - at 19/3/2024 - 17:00:18
[34minfo[39m: GET en /assets/js/nouislider.min.js - at 19/3/2024 - 17:00:18
[34minfo[39m: GET en /assets/js/bootstrap-datepicker.js - at 19/3/2024 - 17:00:18
[34minfo[39m: GET en /assets/js/material-kit.js - at 19/3/2024 - 17:00:18
[34minfo[39m: GET en /assets/img/city.jpg - at 19/3/2024 - 17:00:18
[34minfo[39m: GET en /assets/css/material-kit.css.map - at 19/3/2024 - 17:00:18
[34minfo[39m: GET en /passwordreset/1838d486-34d0-48f1-90fd-6ef9e3075c81 - at 19/3/2024 - 17:00:45
[34minfo[39m: GET en /passwordreset/1838d486-34d0-48f1-90fd-6ef9e3075c81 - at 19/3/2024 - 17:02:41
[34minfo[39m: GET en /login - at 19/3/2024 - 17:02:41
[34minfo[39m: GET en /assets/css/material-kit.css - at 19/3/2024 - 17:02:42
[34minfo[39m: GET en /assets/css/bootstrap.min.css - at 19/3/2024 - 17:02:42
[34minfo[39m: GET en /js/login.js - at 19/3/2024 - 17:02:42
[34minfo[39m: GET en /assets/js/jquery.min.js - at 19/3/2024 - 17:02:42
[34minfo[39m: GET en /assets/js/bootstrap.min.js - at 19/3/2024 - 17:02:42
[34minfo[39m: GET en /assets/js/material.min.js - at 19/3/2024 - 17:02:42
[34minfo[39m: GET en /assets/js/nouislider.min.js - at 19/3/2024 - 17:02:42
[34minfo[39m: GET en /assets/js/bootstrap-datepicker.js - at 19/3/2024 - 17:02:42
[34minfo[39m: GET en /assets/js/material-kit.js - at 19/3/2024 - 17:02:42
[34minfo[39m: GET en /assets/img/city.jpg - at 19/3/2024 - 17:02:42
[34minfo[39m: GET en /passwordreset/1838d486-34d0-48f1-90fd-6ef9e3075c81 - at 19/3/2024 - 17:03:30
[34minfo[39m: GET en /assets/css/material-kit.css - at 19/3/2024 - 17:03:32
[34minfo[39m: GET en /assets/css/bootstrap.min.css - at 19/3/2024 - 17:03:32
[34minfo[39m: GET en /assets/js/jquery.min.js - at 19/3/2024 - 17:03:32
[34minfo[39m: GET en /assets/js/bootstrap.min.js - at 19/3/2024 - 17:03:32
[34minfo[39m: GET en /js/passwordreset.js - at 19/3/2024 - 17:03:32
[34minfo[39m: GET en /assets/js/material.min.js - at 19/3/2024 - 17:03:32
[34minfo[39m: GET en /assets/js/nouislider.min.js - at 19/3/2024 - 17:03:32
[34minfo[39m: GET en /assets/js/bootstrap-datepicker.js - at 19/3/2024 - 17:03:33
[34minfo[39m: GET en /assets/js/material-kit.js - at 19/3/2024 - 17:03:33
[34minfo[39m: GET en /assets/img/city.jpg - at 19/3/2024 - 17:03:33
[34minfo[39m: POST en /api/password/update - at 19/3/2024 - 17:03:46
[34minfo[39m: GET en / - at 19/3/2024 - 17:03:53
[34minfo[39m: GET en /assets/css/bootstrap.min.css - at 19/3/2024 - 17:03:53
[34minfo[39m: GET en /assets/js/jquery.min.js - at 19/3/2024 - 17:03:53
[34minfo[39m: GET en /assets/css/material-kit.css - at 19/3/2024 - 17:03:53
[34minfo[39m: GET en /assets/js/bootstrap.min.js - at 19/3/2024 - 17:03:53
[34minfo[39m: GET en /assets/js/material.min.js - at 19/3/2024 - 17:03:53
[34minfo[39m: GET en /assets/js/nouislider.min.js - at 19/3/2024 - 17:03:53
[34minfo[39m: GET en /assets/js/bootstrap-datepicker.js - at 19/3/2024 - 17:03:53
[34minfo[39m: GET en /assets/js/material-kit.js - at 19/3/2024 - 17:03:53
[34minfo[39m: GET en /assets/img/city.jpg - at 19/3/2024 - 17:03:53
[34minfo[39m: GET en /login - at 19/3/2024 - 17:04:29
[34minfo[39m: GET en /assets/css/material-kit.css - at 19/3/2024 - 17:04:29
[34minfo[39m: GET en /assets/css/bootstrap.min.css - at 19/3/2024 - 17:04:29
[34minfo[39m: GET en /js/login.js - at 19/3/2024 - 17:04:29
[34minfo[39m: GET en /assets/js/jquery.min.js - at 19/3/2024 - 17:04:29
[34minfo[39m: GET en /assets/js/bootstrap.min.js - at 19/3/2024 - 17:04:29
[34minfo[39m: GET en /assets/js/material.min.js - at 19/3/2024 - 17:04:29
[34minfo[39m: GET en /assets/js/nouislider.min.js - at 19/3/2024 - 17:04:29
[34minfo[39m: GET en /assets/js/bootstrap-datepicker.js - at 19/3/2024 - 17:04:29
[34minfo[39m: GET en /assets/js/material-kit.js - at 19/3/2024 - 17:04:29
[34minfo[39m: GET en /assets/img/city.jpg - at 19/3/2024 - 17:04:29
[34minfo[39m: POST en /api/extend/users/login - at 19/3/2024 - 17:04:40
[34minfo[39m: POST en /api/extend/users/login - at 19/3/2024 - 17:04:55
[34minfo[39m: POST en /api/extend/users/login - at 19/3/2024 - 17:05:01
[34minfo[39m: GET en /login - at 19/3/2024 - 17:07:30
[34minfo[39m: GET en /assets/css/bootstrap.min.css - at 19/3/2024 - 17:07:30
[34minfo[39m: GET en /assets/css/material-kit.css - at 19/3/2024 - 17:07:30
[34minfo[39m: GET en /assets/js/jquery.min.js - at 19/3/2024 - 17:07:30
[34minfo[39m: GET en /js/login.js - at 19/3/2024 - 17:07:30
[34minfo[39m: GET en /assets/js/bootstrap.min.js - at 19/3/2024 - 17:07:30
[34minfo[39m: GET en /assets/js/nouislider.min.js - at 19/3/2024 - 17:07:30
[34minfo[39m: GET en /assets/js/bootstrap-datepicker.js - at 19/3/2024 - 17:07:31
[34minfo[39m: GET en /assets/js/material.min.js - at 19/3/2024 - 17:07:31
[34minfo[39m: GET en /assets/js/material-kit.js - at 19/3/2024 - 17:07:31
[34minfo[39m: GET en /assets/img/city.jpg - at 19/3/2024 - 17:07:31
[34minfo[39m: GET en /assets/css/material-kit.css.map - at 19/3/2024 - 17:07:31
[34minfo[39m: POST en /api/extend/users/login - at 19/3/2024 - 17:07:45
[34minfo[39m: GET en /passwordreset/1838d486-34d0-48f1-90fd-6ef9e3075c81 - at 19/3/2024 - 17:07:55
[34minfo[39m: GET en /assets/css/bootstrap.min.css - at 19/3/2024 - 17:07:55
[34minfo[39m: GET en /assets/css/material-kit.css - at 19/3/2024 - 17:07:55
[34minfo[39m: GET en /js/passwordreset.js - at 19/3/2024 - 17:07:55
[34minfo[39m: GET en /assets/js/jquery.min.js - at 19/3/2024 - 17:07:55
[34minfo[39m: GET en /assets/js/bootstrap.min.js - at 19/3/2024 - 17:07:55
[34minfo[39m: GET en /assets/js/material.min.js - at 19/3/2024 - 17:07:55
[34minfo[39m: GET en /assets/js/nouislider.min.js - at 19/3/2024 - 17:07:55
[34minfo[39m: GET en /assets/js/material-kit.js - at 19/3/2024 - 17:07:55
[34minfo[39m: GET en /assets/js/bootstrap-datepicker.js - at 19/3/2024 - 17:07:55
[34minfo[39m: GET en /assets/img/city.jpg - at 19/3/2024 - 17:07:55
[34minfo[39m: POST en /api/password/update - at 19/3/2024 - 17:08:04
[34minfo[39m: GET en / - at 19/3/2024 - 17:08:10
[34minfo[39m: GET en /assets/css/bootstrap.min.css - at 19/3/2024 - 17:08:11
[34minfo[39m: GET en /assets/css/material-kit.css - at 19/3/2024 - 17:08:11
[34minfo[39m: GET en /assets/js/bootstrap.min.js - at 19/3/2024 - 17:08:11
[34minfo[39m: GET en /assets/js/material.min.js - at 19/3/2024 - 17:08:11
[34minfo[39m: GET en /assets/js/nouislider.min.js - at 19/3/2024 - 17:08:11
[34minfo[39m: GET en /assets/js/jquery.min.js - at 19/3/2024 - 17:08:11
[34minfo[39m: GET en /assets/js/bootstrap-datepicker.js - at 19/3/2024 - 17:08:11
[34minfo[39m: GET en /assets/js/material-kit.js - at 19/3/2024 - 17:08:11
[34minfo[39m: GET en /assets/img/city.jpg - at 19/3/2024 - 17:08:11
[34minfo[39m: POST en /api/extend/users/login - at 19/3/2024 - 17:08:44
[34minfo[39m: GET en /home - at 19/3/2024 - 17:08:45
[34minfo[39m: GET en /assets/css/bootstrap.min.css - at 19/3/2024 - 17:08:45
[34minfo[39m: GET en /assets/js/jquery.min.js - at 19/3/2024 - 17:08:45
[34minfo[39m: GET en /assets/css/material-kit.css - at 19/3/2024 - 17:08:45
[34minfo[39m: GET en /assets/js/bootstrap.min.js - at 19/3/2024 - 17:08:45
[34minfo[39m: GET en /assets/js/material.min.js - at 19/3/2024 - 17:08:45
[34minfo[39m: GET en /assets/js/nouislider.min.js - at 19/3/2024 - 17:08:45
[34minfo[39m: GET en /assets/js/bootstrap-datepicker.js - at 19/3/2024 - 17:08:45
[34minfo[39m: GET en /assets/js/material-kit.js - at 19/3/2024 - 17:08:45
[34minfo[39m: GET en /assets/img/city.jpg - at 19/3/2024 - 17:08:45
[34minfo[39m: GET en /assets/css/material-kit.css.map - at 19/3/2024 - 17:08:45
[34minfo[39m: GET en /profile - at 19/3/2024 - 17:09:10
[34minfo[39m: GET en /assets/css/material-kit.css.map - at 19/3/2024 - 17:09:10
[34minfo[39m: GET en /assets/css/bootstrap.min.css - at 19/3/2024 - 17:09:11
[34minfo[39m: GET en /assets/js/jquery.min.js - at 19/3/2024 - 17:09:11
[34minfo[39m: GET en /assets/css/material-kit.css - at 19/3/2024 - 17:09:11
[34minfo[39m: GET en /assets/js/bootstrap.min.js - at 19/3/2024 - 17:09:11
[34minfo[39m: GET en /assets/js/material.min.js - at 19/3/2024 - 17:09:11
[34minfo[39m: GET en /assets/js/nouislider.min.js - at 19/3/2024 - 17:09:11
[34minfo[39m: GET en /assets/js/bootstrap-datepicker.js - at 19/3/2024 - 17:09:11
[34minfo[39m: GET en /assets/js/material-kit.js - at 19/3/2024 - 17:09:11
[34minfo[39m: GET en /assets/img/city.jpg - at 19/3/2024 - 17:09:12
[34minfo[39m: GET en /assets/css/material-kit.css.map - at 19/3/2024 - 17:09:12
[34minfo[39m: GET en /assets/img/favicon.png - at 19/3/2024 - 17:09:12
[34minfo[39m: GET en /api/extend/users/65c14584b696d5b3f32027c7 - at 19/3/2024 - 17:37:03
[34minfo[39m: GET en /api/extend/users/premium/65c14584b696d5b3f32027c7 - at 19/3/2024 - 17:37:29
[34minfo[39m: GET en /login - at 19/3/2024 - 17:37:29
[34minfo[39m: POST en /api/sessions/login - at 19/3/2024 - 17:39:29
[34minfo[39m: POST en /api/users/extend/login - at 19/3/2024 - 17:39:42
[34minfo[39m: POST en /api/extend/users/login - at 19/3/2024 - 17:41:01
[34minfo[39m: POST en /api/extend/users/login - at 19/3/2024 - 17:41:26
[34minfo[39m: POST en /api/extend/users/premium/65c14584b696d5b3f32027c7 - at 19/3/2024 - 17:42:22
[34minfo[39m: GET en /api/extend/users/premium/65c14584b696d5b3f32027c7 - at 19/3/2024 - 17:42:57
[34minfo[39m: POST en /api/extend/users/premium/65c14584b696d5b3f32027c7 - at 19/3/2024 - 17:43:34
[34minfo[39m: POST en /api/extend/users/premium/65c14584b696d5b3f32027c7 - at 19/3/2024 - 17:45:05
[34minfo[39m: POST en /api/extend/users/premium/65c14584b696d5b3f32027c7 - at 19/3/2024 - 17:45:56
[34minfo[39m: POST en /api/extend/users/premium/65c14584b696d5b3f32027c7 - at 19/3/2024 - 17:50:14
[34minfo[39m: POST en /api/extend/users/premium/65c14584b696d5b3f32027c7 - at 19/3/2024 - 17:51:15
[34minfo[39m: POST en /api/extend/users/premium/65c14584b696d5b3f32027c7 - at 19/3/2024 - 17:52:53
[34minfo[39m: POST en /api/extend/users/premium/65c14584b696d5b3f32027c7 - at 19/3/2024 - 17:53:39
[34minfo[39m: POST en /api/extend/users/premium/65c14584b696d5b3f32027c7 - at 19/3/2024 - 17:56:49
[34minfo[39m: POST en /api/extend/users/premium/65c14584b696d5b3f32027c7 - at 19/3/2024 - 17:57:28
[34minfo[39m: POST en /api/extend/users/premium/65c14584b696d5b3f32027c7 - at 19/3/2024 - 18:00:25
[34minfo[39m: POST en /api/extend/users/premium/65c14584b696d5b3f32027c7 - at 19/3/2024 - 18:02:19
[34minfo[39m: GET en /api/extend/users/premium/65c14584b696d5b3f32027c7 - at 19/3/2024 - 18:04:16
[34minfo[39m: GET en /api/extend/users/premium/65c14584b696d5b3f32027c7 - at 19/3/2024 - 18:04:47
[34minfo[39m: GET en /api/extend/users/premium/65c14584b696d5b3f32027c7 - at 19/3/2024 - 18:05:45
[34minfo[39m: GET en /api/extend/users/premium/65c14584b696d5b3f32027c7 - at 19/3/2024 - 18:08:28
[34minfo[39m: GET en /api/extend/users/premium/65c14584b696d5b3f32027c7 - at 19/3/2024 - 18:10:11
[34minfo[39m: GET en /api/extend/users/premium/65c14584b696d5b3f32027c7 - at 19/3/2024 - 18:12:11
[34minfo[39m: GET en /api/extend/users/premium/65c14584b696d5b3f32027c7 - at 19/3/2024 - 18:15:22
[34minfo[39m: GET en /api/extend/users/premium/65c14584b696d5b3f32027c7 - at 19/3/2024 - 18:19:27
[34minfo[39m: GET en /passwordreset/1838d486-34d0-48f1-90fd-6ef9e3075c81 - at 19/3/2024 - 18:21:59
[34minfo[39m: GET en /assets/css/bootstrap.min.css - at 19/3/2024 - 18:21:59
[34minfo[39m: GET en /assets/css/material-kit.css - at 19/3/2024 - 18:21:59
[34minfo[39m: GET en /assets/js/material-kit.js - at 19/3/2024 - 18:21:59
[34minfo[39m: GET en /assets/js/bootstrap.min.js - at 19/3/2024 - 18:21:59
[34minfo[39m: GET en /assets/js/nouislider.min.js - at 19/3/2024 - 18:21:59
[34minfo[39m: GET en /assets/js/material.min.js - at 19/3/2024 - 18:21:59
[34minfo[39m: GET en /assets/js/jquery.min.js - at 19/3/2024 - 18:22:00
[34minfo[39m: GET en /assets/js/bootstrap-datepicker.js - at 19/3/2024 - 18:22:00
[34minfo[39m: GET en /js/passwordreset.js - at 19/3/2024 - 18:22:00
[34minfo[39m: GET en /assets/img/city.jpg - at 19/3/2024 - 18:22:00
[34minfo[39m: POST en /api/password/update - at 19/3/2024 - 18:22:14
[34minfo[39m: GET en /linkpasswordreset - at 19/3/2024 - 18:22:14
[34minfo[39m: GET en / - at 19/3/2024 - 18:22:20
[34minfo[39m: GET en /assets/css/bootstrap.min.css - at 19/3/2024 - 18:22:20
[34minfo[39m: GET en /assets/css/material-kit.css - at 19/3/2024 - 18:22:20
[34minfo[39m: GET en /assets/js/jquery.min.js - at 19/3/2024 - 18:22:20
[34minfo[39m: GET en /assets/js/bootstrap.min.js - at 19/3/2024 - 18:22:20
[34minfo[39m: GET en /assets/js/material.min.js - at 19/3/2024 - 18:22:20
[34minfo[39m: GET en /assets/js/nouislider.min.js - at 19/3/2024 - 18:22:21
[34minfo[39m: GET en /assets/js/bootstrap-datepicker.js - at 19/3/2024 - 18:22:21
[34minfo[39m: GET en /assets/js/material-kit.js - at 19/3/2024 - 18:22:21
[34minfo[39m: GET en /assets/img/city.jpg - at 19/3/2024 - 18:22:21
[34minfo[39m: GET en /login - at 19/3/2024 - 18:22:33
[34minfo[39m: GET en /assets/css/bootstrap.min.css - at 19/3/2024 - 18:22:33
[34minfo[39m: GET en /assets/css/material-kit.css - at 19/3/2024 - 18:22:33
[34minfo[39m: GET en /assets/js/jquery.min.js - at 19/3/2024 - 18:22:33
[34minfo[39m: GET en /assets/js/bootstrap.min.js - at 19/3/2024 - 18:22:33
[34minfo[39m: GET en /assets/js/material.min.js - at 19/3/2024 - 18:22:33
[34minfo[39m: GET en /js/login.js - at 19/3/2024 - 18:22:33
[34minfo[39m: GET en /assets/js/nouislider.min.js - at 19/3/2024 - 18:22:33
[34minfo[39m: GET en /assets/js/bootstrap-datepicker.js - at 19/3/2024 - 18:22:33
[34minfo[39m: GET en /assets/js/material-kit.js - at 19/3/2024 - 18:22:33
[34minfo[39m: GET en /assets/img/city.jpg - at 19/3/2024 - 18:22:33
[34minfo[39m: POST en /api/extend/users/login - at 19/3/2024 - 18:22:45
[34minfo[39m: POST en /api/extend/users/login - at 19/3/2024 - 18:22:52
[34minfo[39m: GET en /home - at 19/3/2024 - 18:22:53
[34minfo[39m: GET en /assets/css/bootstrap.min.css - at 19/3/2024 - 18:22:53
[34minfo[39m: GET en /assets/css/material-kit.css - at 19/3/2024 - 18:22:53
[34minfo[39m: GET en /assets/js/jquery.min.js - at 19/3/2024 - 18:22:53
[34minfo[39m: GET en /assets/js/bootstrap.min.js - at 19/3/2024 - 18:22:53
[34minfo[39m: GET en /assets/js/material.min.js - at 19/3/2024 - 18:22:53
[34minfo[39m: GET en /assets/js/nouislider.min.js - at 19/3/2024 - 18:22:53
[34minfo[39m: GET en /assets/js/bootstrap-datepicker.js - at 19/3/2024 - 18:22:53
[34minfo[39m: GET en /assets/js/material-kit.js - at 19/3/2024 - 18:22:53
[34minfo[39m: GET en /assets/img/city.jpg - at 19/3/2024 - 18:22:53
[34minfo[39m: GET en /api/extend/users/premium/65c14584b696d5b3f32027c7 - at 19/3/2024 - 18:23:19
[34minfo[39m: GET en /api/extend/users/premium/65c14584b696d5b3f32027c7 - at 19/3/2024 - 18:23:28
[34minfo[39m: GET en /profile - at 19/3/2024 - 18:59:59
[34minfo[39m: GET en /login - at 19/3/2024 - 18:59:59
[34minfo[39m: GET en /assets/css/bootstrap.min.css - at 19/3/2024 - 18:59:59
[34minfo[39m: GET en /assets/js/bootstrap.min.js - at 19/3/2024 - 18:59:59
[34minfo[39m: GET en /js/login.js - at 19/3/2024 - 18:59:59
[34minfo[39m: GET en /assets/js/jquery.min.js - at 19/3/2024 - 18:59:59
[34minfo[39m: GET en /assets/js/material.min.js - at 19/3/2024 - 18:59:59
[34minfo[39m: GET en /assets/css/material-kit.css - at 19/3/2024 - 18:59:59
[34minfo[39m: GET en /assets/js/nouislider.min.js - at 19/3/2024 - 18:59:59
[34minfo[39m: GET en /assets/js/bootstrap-datepicker.js - at 19/3/2024 - 18:59:59
[34minfo[39m: GET en /assets/js/material-kit.js - at 19/3/2024 - 18:59:59
[34minfo[39m: GET en /assets/img/city.jpg - at 19/3/2024 - 18:59:59
[34minfo[39m: GET en /assets/css/material-kit.css.map - at 19/3/2024 - 18:59:59
[34minfo[39m: GET en /assets/img/favicon.png - at 19/3/2024 - 19:00:00
[34minfo[39m: GET en /login - at 19/3/2024 - 19:00:02
[34minfo[39m: GET en /assets/css/bootstrap.min.css - at 19/3/2024 - 19:00:02
[34minfo[39m: GET en /assets/css/material-kit.css - at 19/3/2024 - 19:00:02
[34minfo[39m: GET en /js/login.js - at 19/3/2024 - 19:00:02
[34minfo[39m: GET en /assets/js/jquery.min.js - at 19/3/2024 - 19:00:02
[34minfo[39m: GET en /assets/js/bootstrap.min.js - at 19/3/2024 - 19:00:02
[34minfo[39m: GET en /assets/js/material.min.js - at 19/3/2024 - 19:00:02
[34minfo[39m: GET en /assets/js/nouislider.min.js - at 19/3/2024 - 19:00:02
[34minfo[39m: GET en /assets/js/bootstrap-datepicker.js - at 19/3/2024 - 19:00:02
[34minfo[39m: GET en /assets/js/material-kit.js - at 19/3/2024 - 19:00:02
[34minfo[39m: GET en /assets/img/city.jpg - at 19/3/2024 - 19:00:02
[34minfo[39m: GET en /assets/css/material-kit.css.map - at 19/3/2024 - 19:00:02
[34minfo[39m: GET en /register - at 19/3/2024 - 19:00:04
[34minfo[39m: GET en /assets/css/bootstrap.min.css - at 19/3/2024 - 19:00:04
[34minfo[39m: GET en /assets/css/material-kit.css - at 19/3/2024 - 19:00:04
[34minfo[39m: GET en /assets/js/bootstrap.min.js - at 19/3/2024 - 19:00:04
[34minfo[39m: GET en /js/register.js - at 19/3/2024 - 19:00:04
[34minfo[39m: GET en /assets/js/jquery.min.js - at 19/3/2024 - 19:00:04
[34minfo[39m: GET en /assets/js/material.min.js - at 19/3/2024 - 19:00:04
[34minfo[39m: GET en /assets/js/nouislider.min.js - at 19/3/2024 - 19:00:04
[34minfo[39m: GET en /assets/js/bootstrap-datepicker.js - at 19/3/2024 - 19:00:04
[34minfo[39m: GET en /assets/js/material-kit.js - at 19/3/2024 - 19:00:04
[34minfo[39m: GET en /assets/css/material-kit.css.map - at 19/3/2024 - 19:00:04
[34minfo[39m: GET en /assets/img/city.jpg - at 19/3/2024 - 19:00:04
[34minfo[39m: GET en / - at 19/3/2024 - 19:00:13
[34minfo[39m: GET en /assets/css/bootstrap.min.css - at 19/3/2024 - 19:00:13
[34minfo[39m: GET en /assets/css/material-kit.css - at 19/3/2024 - 19:00:13
[34minfo[39m: GET en /assets/js/material.min.js - at 19/3/2024 - 19:00:13
[34minfo[39m: GET en /assets/js/bootstrap.min.js - at 19/3/2024 - 19:00:13
[34minfo[39m: GET en /assets/js/nouislider.min.js - at 19/3/2024 - 19:00:13
[34minfo[39m: GET en /assets/js/jquery.min.js - at 19/3/2024 - 19:00:13
[34minfo[39m: GET en /assets/js/bootstrap-datepicker.js - at 19/3/2024 - 19:00:13
[34minfo[39m: GET en /assets/js/material-kit.js - at 19/3/2024 - 19:00:13
[34minfo[39m: GET en /assets/css/material-kit.css.map - at 19/3/2024 - 19:00:13
[34minfo[39m: GET en /assets/img/city.jpg - at 19/3/2024 - 19:00:13
[34minfo[39m: GET en /login - at 19/3/2024 - 19:00:14
[34minfo[39m: GET en /assets/css/bootstrap.min.css - at 19/3/2024 - 19:00:15
[34minfo[39m: GET en /assets/css/material-kit.css - at 19/3/2024 - 19:00:15
[34minfo[39m: GET en /assets/js/bootstrap.min.js - at 19/3/2024 - 19:00:15
[34minfo[39m: GET en /assets/js/jquery.min.js - at 19/3/2024 - 19:00:15
[34minfo[39m: GET en /js/login.js - at 19/3/2024 - 19:00:15
[34minfo[39m: GET en /assets/js/material.min.js - at 19/3/2024 - 19:00:15
[34minfo[39m: GET en /assets/js/nouislider.min.js - at 19/3/2024 - 19:00:15
[34minfo[39m: GET en /assets/js/bootstrap-datepicker.js - at 19/3/2024 - 19:00:15
[34minfo[39m: GET en /assets/js/material-kit.js - at 19/3/2024 - 19:00:15
[34minfo[39m: GET en /assets/css/material-kit.css.map - at 19/3/2024 - 19:00:15
[34minfo[39m: GET en /assets/img/city.jpg - at 19/3/2024 - 19:00:15
[34minfo[39m: POST en /api/extend/users/login - at 19/3/2024 - 19:00:18
[34minfo[39m: GET en /home - at 19/3/2024 - 19:00:18
[34minfo[39m: GET en /assets/css/bootstrap.min.css - at 19/3/2024 - 19:00:18
[34minfo[39m: GET en /assets/css/material-kit.css - at 19/3/2024 - 19:00:18
[34minfo[39m: GET en /assets/js/jquery.min.js - at 19/3/2024 - 19:00:18
[34minfo[39m: GET en /assets/js/bootstrap.min.js - at 19/3/2024 - 19:00:18
[34minfo[39m: GET en /assets/js/material.min.js - at 19/3/2024 - 19:00:18
[34minfo[39m: GET en /assets/js/nouislider.min.js - at 19/3/2024 - 19:00:18
[34minfo[39m: GET en /assets/js/bootstrap-datepicker.js - at 19/3/2024 - 19:00:18
[34minfo[39m: GET en /assets/js/material-kit.js - at 19/3/2024 - 19:00:18
[34minfo[39m: GET en /assets/img/city.jpg - at 19/3/2024 - 19:00:18
[34minfo[39m: GET en /assets/css/material-kit.css.map - at 19/3/2024 - 19:00:18
[34minfo[39m: GET en /logout - at 19/3/2024 - 19:04:57
[34minfo[39m: GET en / - at 19/3/2024 - 19:04:57
[34minfo[39m: GET en /assets/css/bootstrap.min.css - at 19/3/2024 - 19:04:58
[34minfo[39m: GET en /assets/css/material-kit.css - at 19/3/2024 - 19:04:58
[34minfo[39m: GET en /assets/js/bootstrap.min.js - at 19/3/2024 - 19:04:58
[34minfo[39m: GET en /assets/js/material.min.js - at 19/3/2024 - 19:04:58
[34minfo[39m: GET en /assets/js/jquery.min.js - at 19/3/2024 - 19:04:58
[34minfo[39m: GET en /assets/js/nouislider.min.js - at 19/3/2024 - 19:04:58
[34minfo[39m: GET en /assets/js/bootstrap-datepicker.js - at 19/3/2024 - 19:04:58
[34minfo[39m: GET en /assets/js/material-kit.js - at 19/3/2024 - 19:04:58
[34minfo[39m: GET en /assets/img/city.jpg - at 19/3/2024 - 19:04:58
[34minfo[39m: GET en /assets/css/material-kit.css.map - at 19/3/2024 - 19:04:58
[34minfo[39m: GET en /login - at 19/3/2024 - 19:05:06
[34minfo[39m: GET en /assets/css/bootstrap.min.css - at 19/3/2024 - 19:05:06
[34minfo[39m: GET en /assets/css/material-kit.css - at 19/3/2024 - 19:05:06
[34minfo[39m: GET en /assets/js/bootstrap.min.js - at 19/3/2024 - 19:05:06
[34minfo[39m: GET en /assets/js/material.min.js - at 19/3/2024 - 19:05:06
[34minfo[39m: GET en /assets/js/jquery.min.js - at 19/3/2024 - 19:05:06
[34minfo[39m: GET en /js/login.js - at 19/3/2024 - 19:05:06
[34minfo[39m: GET en /assets/js/nouislider.min.js - at 19/3/2024 - 19:05:06
[34minfo[39m: GET en /assets/js/bootstrap-datepicker.js - at 19/3/2024 - 19:05:06
[34minfo[39m: GET en /assets/js/material-kit.js - at 19/3/2024 - 19:05:06
[34minfo[39m: GET en /assets/css/material-kit.css.map - at 19/3/2024 - 19:05:06
[34minfo[39m: GET en /assets/img/city.jpg - at 19/3/2024 - 19:05:06
[34minfo[39m: POST en /api/extend/users/login - at 19/3/2024 - 19:05:17
[34minfo[39m: GET en /home - at 19/3/2024 - 19:05:17
[34minfo[39m: GET en /assets/css/bootstrap.min.css - at 19/3/2024 - 19:05:17
[34minfo[39m: GET en /assets/js/jquery.min.js - at 19/3/2024 - 19:05:17
[34minfo[39m: GET en /assets/css/material-kit.css - at 19/3/2024 - 19:05:17
[34minfo[39m: GET en /assets/js/bootstrap.min.js - at 19/3/2024 - 19:05:17
[34minfo[39m: GET en /assets/js/material.min.js - at 19/3/2024 - 19:05:17
[34minfo[39m: GET en /assets/js/nouislider.min.js - at 19/3/2024 - 19:05:17
[34minfo[39m: GET en /assets/js/bootstrap-datepicker.js - at 19/3/2024 - 19:05:17
[34minfo[39m: GET en /assets/js/material-kit.js - at 19/3/2024 - 19:05:17
[34minfo[39m: GET en /assets/img/city.jpg - at 19/3/2024 - 19:05:18
[34minfo[39m: GET en /assets/css/material-kit.css.map - at 19/3/2024 - 19:05:18
[34minfo[39m: GET en /changerole - at 19/3/2024 - 19:05:26
[34minfo[39m: GET en / - at 20/3/2024 - 8:54:21
[34minfo[39m: GET en /assets/css/bootstrap.min.css - at 20/3/2024 - 8:54:22
[34minfo[39m: GET en /assets/css/material-kit.css - at 20/3/2024 - 8:54:22
[34minfo[39m: GET en /assets/js/jquery.min.js - at 20/3/2024 - 8:54:22
[34minfo[39m: GET en /assets/js/bootstrap.min.js - at 20/3/2024 - 8:54:22
[34minfo[39m: GET en /assets/js/material.min.js - at 20/3/2024 - 8:54:22
[34minfo[39m: GET en /assets/js/nouislider.min.js - at 20/3/2024 - 8:54:22
[34minfo[39m: GET en /assets/js/bootstrap-datepicker.js - at 20/3/2024 - 8:54:22
[34minfo[39m: GET en /assets/js/material-kit.js - at 20/3/2024 - 8:54:22
[34minfo[39m: GET en /assets/img/city.jpg - at 20/3/2024 - 8:54:22
[34minfo[39m: GET en /login - at 20/3/2024 - 8:54:25
[34minfo[39m: GET en /assets/css/bootstrap.min.css - at 20/3/2024 - 8:54:26
[34minfo[39m: GET en /assets/css/material-kit.css - at 20/3/2024 - 8:54:26
[34minfo[39m: GET en /assets/js/bootstrap.min.js - at 20/3/2024 - 8:54:26
[34minfo[39m: GET en /js/login.js - at 20/3/2024 - 8:54:26
[34minfo[39m: GET en /assets/js/jquery.min.js - at 20/3/2024 - 8:54:26
[34minfo[39m: GET en /assets/js/material.min.js - at 20/3/2024 - 8:54:26
[34minfo[39m: GET en /assets/js/nouislider.min.js - at 20/3/2024 - 8:54:26
[34minfo[39m: GET en /assets/js/bootstrap-datepicker.js - at 20/3/2024 - 8:54:26
[34minfo[39m: GET en /assets/js/material-kit.js - at 20/3/2024 - 8:54:26
[34minfo[39m: GET en /assets/img/city.jpg - at 20/3/2024 - 8:54:26
[34minfo[39m: GET en /linkpasswordreset - at 20/3/2024 - 8:54:32
[34minfo[39m: GET en /js/linkpasswordreset.js - at 20/3/2024 - 8:54:32
[34minfo[39m: GET en /assets/css/bootstrap.min.css - at 20/3/2024 - 8:54:32
[34minfo[39m: GET en /assets/css/material-kit.css - at 20/3/2024 - 8:54:32
[34minfo[39m: GET en /assets/js/jquery.min.js - at 20/3/2024 - 8:54:32
[34minfo[39m: GET en /assets/js/bootstrap.min.js - at 20/3/2024 - 8:54:32
[34minfo[39m: GET en /assets/js/material.min.js - at 20/3/2024 - 8:54:32
[34minfo[39m: GET en /assets/js/nouislider.min.js - at 20/3/2024 - 8:54:32
[34minfo[39m: GET en /assets/js/bootstrap-datepicker.js - at 20/3/2024 - 8:54:32
[34minfo[39m: GET en /assets/js/material-kit.js - at 20/3/2024 - 8:54:32
[34minfo[39m: GET en /assets/img/city.jpg - at 20/3/2024 - 8:54:32
[34minfo[39m: POST en /api/password/reset - at 20/3/2024 - 8:55:21
[34minfo[39m: GET en / - at 20/3/2024 - 8:55:31
[34minfo[39m: GET en /assets/css/material-kit.css - at 20/3/2024 - 8:55:32
[34minfo[39m: GET en /assets/css/bootstrap.min.css - at 20/3/2024 - 8:55:32
[34minfo[39m: GET en /assets/js/jquery.min.js - at 20/3/2024 - 8:55:32
[34minfo[39m: GET en /assets/js/bootstrap.min.js - at 20/3/2024 - 8:55:32
[34minfo[39m: GET en /assets/js/material.min.js - at 20/3/2024 - 8:55:32
[34minfo[39m: GET en /assets/js/nouislider.min.js - at 20/3/2024 - 8:55:32
[34minfo[39m: GET en /assets/js/bootstrap-datepicker.js - at 20/3/2024 - 8:55:32
[34minfo[39m: GET en /assets/js/material-kit.js - at 20/3/2024 - 8:55:32
[34minfo[39m: GET en /assets/img/city.jpg - at 20/3/2024 - 8:55:32
[34minfo[39m: GET en /api/pssword/reset - at 20/3/2024 - 8:59:18
[34minfo[39m: GET en /api/password/reset - at 20/3/2024 - 8:59:50
[34minfo[39m: POST en /api/password/reset - at 20/3/2024 - 9:00:02
[34minfo[39m: POST en /api/password/reset - at 20/3/2024 - 9:01:07
[34minfo[39m: POST en /api/password/reset - at 20/3/2024 - 9:01:23
[34minfo[39m: POST en /api/password/reset - at 20/3/2024 - 9:01:38
[34minfo[39m: GET en /passwordreset/6bb740fb-028a-4436-a4d6-2e5f6bf883c6 - at 20/3/2024 - 9:04:30
[34minfo[39m: GET en /assets/css/bootstrap.min.css - at 20/3/2024 - 9:04:30
[34minfo[39m: GET en /assets/css/material-kit.css - at 20/3/2024 - 9:04:30
[34minfo[39m: GET en /assets/js/jquery.min.js - at 20/3/2024 - 9:04:30
[34minfo[39m: GET en /assets/js/bootstrap.min.js - at 20/3/2024 - 9:04:30
[34minfo[39m: GET en /js/passwordreset.js - at 20/3/2024 - 9:04:30
[34minfo[39m: GET en /assets/js/material.min.js - at 20/3/2024 - 9:04:30
[34minfo[39m: GET en /passwordreset/6bb740fb-028a-4436-a4d6-2e5f6bf883c6 - at 20/3/2024 - 9:04:30
[34minfo[39m: GET en /assets/js/nouislider.min.js - at 20/3/2024 - 9:04:31
[34minfo[39m: GET en /assets/js/bootstrap-datepicker.js - at 20/3/2024 - 9:04:31
[34minfo[39m: GET en /assets/js/material-kit.js - at 20/3/2024 - 9:04:31
[34minfo[39m: GET en /assets/img/city.jpg - at 20/3/2024 - 9:04:31
[34minfo[39m: GET en /assets/css/bootstrap.min.css - at 20/3/2024 - 9:04:31
[34minfo[39m: GET en /assets/css/material-kit.css - at 20/3/2024 - 9:04:31
[34minfo[39m: GET en /js/passwordreset.js - at 20/3/2024 - 9:04:31
[34minfo[39m: GET en /assets/js/jquery.min.js - at 20/3/2024 - 9:04:31
[34minfo[39m: GET en /assets/js/bootstrap.min.js - at 20/3/2024 - 9:04:31
[34minfo[39m: GET en /assets/js/material.min.js - at 20/3/2024 - 9:04:31
[34minfo[39m: GET en /assets/js/nouislider.min.js - at 20/3/2024 - 9:04:31
[34minfo[39m: GET en /assets/js/bootstrap-datepicker.js - at 20/3/2024 - 9:04:31
[34minfo[39m: GET en /assets/js/material-kit.js - at 20/3/2024 - 9:04:31
[34minfo[39m: GET en /assets/img/city.jpg - at 20/3/2024 - 9:04:31
[34minfo[39m: POST en /api/password/update - at 20/3/2024 - 9:09:35
[34minfo[39m: GET en /passwordreset/6bb740fb-028a-4436-a4d6-2e5f6bf883c6 - at 20/3/2024 - 9:10:00
[34minfo[39m: GET en /assets/css/bootstrap.min.css - at 20/3/2024 - 9:10:00
[34minfo[39m: GET en /assets/css/material-kit.css - at 20/3/2024 - 9:10:00
[34minfo[39m: GET en /js/passwordreset.js - at 20/3/2024 - 9:10:00
[34minfo[39m: GET en /assets/js/jquery.min.js - at 20/3/2024 - 9:10:00
[34minfo[39m: GET en /assets/js/nouislider.min.js - at 20/3/2024 - 9:10:00
[34minfo[39m: GET en /assets/js/bootstrap.min.js - at 20/3/2024 - 9:10:00
[34minfo[39m: GET en /assets/js/bootstrap-datepicker.js - at 20/3/2024 - 9:10:00
[34minfo[39m: GET en /assets/js/material.min.js - at 20/3/2024 - 9:10:01
[34minfo[39m: GET en /assets/js/material-kit.js - at 20/3/2024 - 9:10:01
[34minfo[39m: GET en /assets/img/city.jpg - at 20/3/2024 - 9:10:01
[34minfo[39m: POST en /api/password/update - at 20/3/2024 - 9:10:39
[34minfo[39m: POST en /api/password/update - at 20/3/2024 - 9:11:07
[34minfo[39m: POST en /api/password/update - at 20/3/2024 - 9:11:41
[34minfo[39m: POST en /api/password/update - at 20/3/2024 - 9:11:54
[34minfo[39m: POST en /api/password/update - at 20/3/2024 - 9:12:03
[34minfo[39m: POST en /api/password/update - at 20/3/2024 - 9:12:13
[34minfo[39m: POST en /api/password/update - at 20/3/2024 - 9:12:28
[34minfo[39m: GET en /passwordreset/1838d486-34d0-48f1-90fd-6ef9e3075c81 - at 20/3/2024 - 9:13:38
[34minfo[39m: GET en /assets/css/material-kit.css - at 20/3/2024 - 9:13:38
[34minfo[39m: GET en /assets/css/bootstrap.min.css - at 20/3/2024 - 9:13:38
[34minfo[39m: GET en /js/passwordreset.js - at 20/3/2024 - 9:13:38
[34minfo[39m: GET en /assets/js/jquery.min.js - at 20/3/2024 - 9:13:38
[34minfo[39m: GET en /assets/js/bootstrap.min.js - at 20/3/2024 - 9:13:38
[34minfo[39m: GET en /assets/js/material.min.js - at 20/3/2024 - 9:13:38
[34minfo[39m: GET en /assets/js/nouislider.min.js - at 20/3/2024 - 9:13:39
[34minfo[39m: GET en /assets/js/bootstrap-datepicker.js - at 20/3/2024 - 9:13:39
[34minfo[39m: GET en /assets/js/material-kit.js - at 20/3/2024 - 9:13:39
[34minfo[39m: GET en /assets/img/city.jpg - at 20/3/2024 - 9:13:39
[34minfo[39m: POST en /api/password/update - at 20/3/2024 - 9:13:46
[34minfo[39m: GET en /linkpasswordreset - at 20/3/2024 - 9:13:47
[34minfo[39m: GET en / - at 20/3/2024 - 9:13:53
[34minfo[39m: GET en /assets/css/material-kit.css - at 20/3/2024 - 9:13:54
[34minfo[39m: GET en /assets/css/bootstrap.min.css - at 20/3/2024 - 9:13:54
[34minfo[39m: GET en /assets/js/jquery.min.js - at 20/3/2024 - 9:13:54
[34minfo[39m: GET en /assets/js/bootstrap.min.js - at 20/3/2024 - 9:13:54
[34minfo[39m: GET en /assets/js/material.min.js - at 20/3/2024 - 9:13:54
[34minfo[39m: GET en /assets/js/nouislider.min.js - at 20/3/2024 - 9:13:54
[34minfo[39m: GET en /assets/js/bootstrap-datepicker.js - at 20/3/2024 - 9:13:54
[34minfo[39m: GET en /assets/js/material-kit.js - at 20/3/2024 - 9:13:54
[34minfo[39m: GET en /assets/img/city.jpg - at 20/3/2024 - 9:13:54
[34minfo[39m: GET en /passwordreset/1838d486-34d0-48f1-90fd-6ef9e3075c81 - at 20/3/2024 - 9:14:39
[34minfo[39m: GET en /assets/css/material-kit.css - at 20/3/2024 - 9:14:39
[34minfo[39m: GET en /assets/css/bootstrap.min.css - at 20/3/2024 - 9:14:39
[34minfo[39m: GET en /js/passwordreset.js - at 20/3/2024 - 9:14:39
[34minfo[39m: GET en /assets/js/jquery.min.js - at 20/3/2024 - 9:14:39
[34minfo[39m: GET en /assets/js/bootstrap.min.js - at 20/3/2024 - 9:14:39
[34minfo[39m: GET en /assets/js/material.min.js - at 20/3/2024 - 9:14:39
[34minfo[39m: GET en /assets/js/bootstrap-datepicker.js - at 20/3/2024 - 9:14:39
[34minfo[39m: GET en /assets/js/nouislider.min.js - at 20/3/2024 - 9:14:39
[34minfo[39m: GET en /assets/js/material-kit.js - at 20/3/2024 - 9:14:39
[34minfo[39m: GET en /assets/img/city.jpg - at 20/3/2024 - 9:14:39
[34minfo[39m: POST en /api/password/update - at 20/3/2024 - 9:14:57
[34minfo[39m: GET en /linkpasswordreset - at 20/3/2024 - 9:14:57
[34minfo[39m: GET en /passwordreset/1838d486-34d0-48f1-90fd-6ef9e3075c81 - at 20/3/2024 - 9:16:16
[34minfo[39m: GET en /assets/css/bootstrap.min.css - at 20/3/2024 - 9:16:16
[34minfo[39m: GET en /assets/css/material-kit.css - at 20/3/2024 - 9:16:16
[34minfo[39m: GET en /js/passwordreset.js - at 20/3/2024 - 9:16:16
[34minfo[39m: GET en /assets/js/jquery.min.js - at 20/3/2024 - 9:16:16
[34minfo[39m: GET en /assets/js/bootstrap.min.js - at 20/3/2024 - 9:16:16
[34minfo[39m: GET en /assets/js/material.min.js - at 20/3/2024 - 9:16:16
[34minfo[39m: GET en /assets/js/nouislider.min.js - at 20/3/2024 - 9:16:17
[34minfo[39m: GET en /assets/js/bootstrap-datepicker.js - at 20/3/2024 - 9:16:17
[34minfo[39m: GET en /assets/js/material-kit.js - at 20/3/2024 - 9:16:17
[34minfo[39m: GET en /assets/img/city.jpg - at 20/3/2024 - 9:16:17
[34minfo[39m: POST en /api/password/update - at 20/3/2024 - 9:16:20
[34minfo[39m: POST en /api/password/update - at 20/3/2024 - 9:16:35
[34minfo[39m: GET en /linkpasswordreset - at 20/3/2024 - 9:16:35
[34minfo[39m: GET en / - at 20/3/2024 - 9:16:41
[34minfo[39m: GET en /assets/css/bootstrap.min.css - at 20/3/2024 - 9:16:41
[34minfo[39m: GET en /assets/css/material-kit.css - at 20/3/2024 - 9:16:41
[34minfo[39m: GET en /assets/js/bootstrap.min.js - at 20/3/2024 - 9:16:41
[34minfo[39m: GET en /assets/js/material.min.js - at 20/3/2024 - 9:16:41
[34minfo[39m: GET en /assets/js/nouislider.min.js - at 20/3/2024 - 9:16:41
[34minfo[39m: GET en /assets/js/jquery.min.js - at 20/3/2024 - 9:16:41
[34minfo[39m: GET en /assets/js/bootstrap-datepicker.js - at 20/3/2024 - 9:16:41
[34minfo[39m: GET en /assets/js/material-kit.js - at 20/3/2024 - 9:16:41
[34minfo[39m: GET en /assets/img/city.jpg - at 20/3/2024 - 9:16:41
[34minfo[39m: GET en /login - at 20/3/2024 - 9:16:46
[34minfo[39m: GET en /assets/css/bootstrap.min.css - at 20/3/2024 - 9:16:46
[34minfo[39m: GET en /assets/css/material-kit.css - at 20/3/2024 - 9:16:46
[34minfo[39m: GET en /assets/js/jquery.min.js - at 20/3/2024 - 9:16:46
[34minfo[39m: GET en /js/login.js - at 20/3/2024 - 9:16:46
[34minfo[39m: GET en /assets/js/bootstrap.min.js - at 20/3/2024 - 9:16:46
[34minfo[39m: GET en /assets/js/material.min.js - at 20/3/2024 - 9:16:46
[34minfo[39m: GET en /assets/js/nouislider.min.js - at 20/3/2024 - 9:16:46
[34minfo[39m: GET en /assets/js/bootstrap-datepicker.js - at 20/3/2024 - 9:16:46
[34minfo[39m: GET en /assets/js/material-kit.js - at 20/3/2024 - 9:16:46
[34minfo[39m: GET en /assets/img/city.jpg - at 20/3/2024 - 9:16:46
[34minfo[39m: POST en /api/extend/users/login - at 20/3/2024 - 9:16:51
[34minfo[39m: POST en /api/extend/users/login - at 20/3/2024 - 9:17:04
[34minfo[39m: POST en /api/extend/users/login - at 20/3/2024 - 9:17:09
[34minfo[39m: GET en /home - at 20/3/2024 - 9:17:09
[34minfo[39m: GET en /assets/css/bootstrap.min.css - at 20/3/2024 - 9:17:09
[34minfo[39m: GET en /assets/css/material-kit.css - at 20/3/2024 - 9:17:09
[34minfo[39m: GET en /assets/js/bootstrap.min.js - at 20/3/2024 - 9:17:09
[34minfo[39m: GET en /assets/js/material.min.js - at 20/3/2024 - 9:17:09
[34minfo[39m: GET en /assets/js/jquery.min.js - at 20/3/2024 - 9:17:09
[34minfo[39m: GET en /assets/js/nouislider.min.js - at 20/3/2024 - 9:17:09
[34minfo[39m: GET en /assets/js/bootstrap-datepicker.js - at 20/3/2024 - 9:17:10
[34minfo[39m: GET en /assets/js/material-kit.js - at 20/3/2024 - 9:17:10
[34minfo[39m: GET en /assets/img/city.jpg - at 20/3/2024 - 9:17:10
[34minfo[39m: GET en /passwordreset/1838d486-34d0-48f1-90fd-6ef9e3075c81 - at 20/3/2024 - 9:21:58
[34minfo[39m: GET en /assets/css/bootstrap.min.css - at 20/3/2024 - 9:21:58
[34minfo[39m: GET en /assets/css/material-kit.css - at 20/3/2024 - 9:21:58
[34minfo[39m: GET en /js/passwordreset.js - at 20/3/2024 - 9:21:58
[34minfo[39m: GET en /assets/js/jquery.min.js - at 20/3/2024 - 9:21:58
[34minfo[39m: GET en /assets/js/bootstrap.min.js - at 20/3/2024 - 9:21:58
[34minfo[39m: GET en /assets/js/material.min.js - at 20/3/2024 - 9:21:58
[34minfo[39m: GET en /assets/js/bootstrap-datepicker.js - at 20/3/2024 - 9:21:59
[34minfo[39m: GET en /assets/js/material-kit.js - at 20/3/2024 - 9:21:59
[34minfo[39m: GET en /assets/js/nouislider.min.js - at 20/3/2024 - 9:21:59
[34minfo[39m: GET en /assets/img/city.jpg - at 20/3/2024 - 9:21:59
[34minfo[39m: POST en /api/password/update - at 20/3/2024 - 9:22:06
[34minfo[39m: GET en /linkpasswordreset - at 20/3/2024 - 9:22:06
[34minfo[39m: GET en / - at 20/3/2024 - 9:22:12
[34minfo[39m: GET en /assets/css/material-kit.css - at 20/3/2024 - 9:22:13
[34minfo[39m: GET en /assets/css/bootstrap.min.css - at 20/3/2024 - 9:22:13
[34minfo[39m: GET en /assets/js/jquery.min.js - at 20/3/2024 - 9:22:13
[34minfo[39m: GET en /assets/js/bootstrap.min.js - at 20/3/2024 - 9:22:13
[34minfo[39m: GET en /assets/js/material.min.js - at 20/3/2024 - 9:22:13
[34minfo[39m: GET en /assets/js/nouislider.min.js - at 20/3/2024 - 9:22:13
[34minfo[39m: GET en /assets/js/bootstrap-datepicker.js - at 20/3/2024 - 9:22:13
[34minfo[39m: GET en /assets/js/material-kit.js - at 20/3/2024 - 9:22:13
[34minfo[39m: GET en /assets/img/city.jpg - at 20/3/2024 - 9:22:13
[34minfo[39m: GET en /passwordreset/1838d486-34d0-48f1-90fd-6ef9e3075c81 - at 20/3/2024 - 9:23:27
[34minfo[39m: GET en /assets/css/bootstrap.min.css - at 20/3/2024 - 9:23:28
[34minfo[39m: GET en /assets/css/material-kit.css - at 20/3/2024 - 9:23:28
[34minfo[39m: GET en /js/passwordreset.js - at 20/3/2024 - 9:23:28
[34minfo[39m: GET en /assets/js/bootstrap.min.js - at 20/3/2024 - 9:23:28
[34minfo[39m: GET en /assets/js/material.min.js - at 20/3/2024 - 9:23:28
[34minfo[39m: GET en /assets/js/jquery.min.js - at 20/3/2024 - 9:23:28
[34minfo[39m: GET en /assets/js/nouislider.min.js - at 20/3/2024 - 9:23:28
[34minfo[39m: GET en /assets/js/bootstrap-datepicker.js - at 20/3/2024 - 9:23:28
[34minfo[39m: GET en /assets/js/material-kit.js - at 20/3/2024 - 9:23:29
[34minfo[39m: GET en /assets/img/city.jpg - at 20/3/2024 - 9:23:29
[34minfo[39m: GET en /assets/img/favicon.png - at 20/3/2024 - 9:23:29
[34minfo[39m: POST en /api/password/update - at 20/3/2024 - 9:23:35
[34minfo[39m: GET en /linkpasswordreset - at 20/3/2024 - 9:23:35
[34minfo[39m: GET en / - at 20/3/2024 - 9:23:42
[34minfo[39m: GET en /assets/css/bootstrap.min.css - at 20/3/2024 - 9:23:42
[34minfo[39m: GET en /assets/css/material-kit.css - at 20/3/2024 - 9:23:42
[34minfo[39m: GET en /assets/js/bootstrap.min.js - at 20/3/2024 - 9:23:42
[34minfo[39m: GET en /assets/js/material.min.js - at 20/3/2024 - 9:23:42
[34minfo[39m: GET en /assets/js/nouislider.min.js - at 20/3/2024 - 9:23:42
[34minfo[39m: GET en /assets/js/jquery.min.js - at 20/3/2024 - 9:23:42
[34minfo[39m: GET en /assets/js/bootstrap-datepicker.js - at 20/3/2024 - 9:23:42
[34minfo[39m: GET en /assets/js/material-kit.js - at 20/3/2024 - 9:23:42
[34minfo[39m: GET en /assets/img/city.jpg - at 20/3/2024 - 9:23:42
[34minfo[39m: POST en /api/password/update - at 20/3/2024 - 9:24:19
[34minfo[39m: GET en /linkpasswordreset - at 20/3/2024 - 9:24:19
[34minfo[39m: GET en /passwordreset/1838d486-34d0-48f1-90fd-6ef9e3075c81 - at 20/3/2024 - 9:29:07
[34minfo[39m: GET en /assets/css/material-kit.css - at 20/3/2024 - 9:29:07
[34minfo[39m: GET en /assets/css/bootstrap.min.css - at 20/3/2024 - 9:29:07
[34minfo[39m: GET en /js/passwordreset.js - at 20/3/2024 - 9:29:07
[34minfo[39m: GET en /assets/js/jquery.min.js - at 20/3/2024 - 9:29:07
[34minfo[39m: GET en /assets/js/bootstrap.min.js - at 20/3/2024 - 9:29:07
[34minfo[39m: GET en /assets/js/material.min.js - at 20/3/2024 - 9:29:07
[34minfo[39m: GET en /assets/js/nouislider.min.js - at 20/3/2024 - 9:29:07
[34minfo[39m: GET en /assets/js/bootstrap-datepicker.js - at 20/3/2024 - 9:29:08
[34minfo[39m: GET en /assets/js/material-kit.js - at 20/3/2024 - 9:29:08
[34minfo[39m: GET en /assets/img/city.jpg - at 20/3/2024 - 9:29:08
[34minfo[39m: GET en /assets/img/favicon.png - at 20/3/2024 - 9:29:08
[34minfo[39m: POST en /api/password/update - at 20/3/2024 - 9:29:15
[34minfo[39m: GET en /linkpasswordreset - at 20/3/2024 - 9:29:15
[34minfo[39m: GET en / - at 20/3/2024 - 9:29:21
[34minfo[39m: GET en /assets/css/material-kit.css - at 20/3/2024 - 9:29:22
[34minfo[39m: GET en /assets/css/bootstrap.min.css - at 20/3/2024 - 9:29:22
[34minfo[39m: GET en /assets/js/bootstrap.min.js - at 20/3/2024 - 9:29:22
[34minfo[39m: GET en /assets/js/jquery.min.js - at 20/3/2024 - 9:29:22
[34minfo[39m: GET en /assets/js/nouislider.min.js - at 20/3/2024 - 9:29:22
[34minfo[39m: GET en /assets/js/material.min.js - at 20/3/2024 - 9:29:22
[34minfo[39m: GET en /assets/js/bootstrap-datepicker.js - at 20/3/2024 - 9:29:22
[34minfo[39m: GET en /assets/js/material-kit.js - at 20/3/2024 - 9:29:22
[34minfo[39m: GET en /assets/img/city.jpg - at 20/3/2024 - 9:29:22
[34minfo[39m: POST en /api/password/update - at 20/3/2024 - 9:29:30
[34minfo[39m: GET en /linkpasswordreset - at 20/3/2024 - 9:29:30
[34minfo[39m: GET en /passwordreset/1838d486-34d0-48f1-90fd-6ef9e3075c81 - at 20/3/2024 - 9:31:44
[34minfo[39m: GET en /assets/css/bootstrap.min.css - at 20/3/2024 - 9:31:45
[34minfo[39m: GET en /assets/css/material-kit.css - at 20/3/2024 - 9:31:45
[34minfo[39m: GET en /js/passwordreset.js - at 20/3/2024 - 9:31:45
[34minfo[39m: GET en /assets/js/jquery.min.js - at 20/3/2024 - 9:31:45
[34minfo[39m: GET en /assets/js/bootstrap.min.js - at 20/3/2024 - 9:31:45
[34minfo[39m: GET en /assets/js/material.min.js - at 20/3/2024 - 9:31:45
[34minfo[39m: GET en /assets/js/nouislider.min.js - at 20/3/2024 - 9:31:45
[34minfo[39m: GET en /assets/js/bootstrap-datepicker.js - at 20/3/2024 - 9:31:45
[34minfo[39m: GET en /assets/js/material-kit.js - at 20/3/2024 - 9:31:45
[34minfo[39m: GET en /assets/img/city.jpg - at 20/3/2024 - 9:31:45
[34minfo[39m: POST en /api/password/update - at 20/3/2024 - 9:31:57
[34minfo[39m: POST en /api/password/update - at 20/3/2024 - 9:32:18
[34minfo[39m: GET en /passwordreset/1838d486-34d0-48f1-90fd-6ef9e3075c81 - at 20/3/2024 - 9:34:24
[34minfo[39m: GET en /assets/css/bootstrap.min.css - at 20/3/2024 - 9:34:25
[34minfo[39m: GET en /assets/css/material-kit.css - at 20/3/2024 - 9:34:25
[34minfo[39m: GET en /js/passwordreset.js - at 20/3/2024 - 9:34:25
[34minfo[39m: GET en /assets/js/jquery.min.js - at 20/3/2024 - 9:34:25
[34minfo[39m: GET en /assets/js/bootstrap.min.js - at 20/3/2024 - 9:34:25
[34minfo[39m: GET en /assets/js/material.min.js - at 20/3/2024 - 9:34:25
[34minfo[39m: GET en /assets/js/nouislider.min.js - at 20/3/2024 - 9:34:25
[34minfo[39m: GET en /assets/js/bootstrap-datepicker.js - at 20/3/2024 - 9:34:25
[34minfo[39m: GET en /assets/js/material-kit.js - at 20/3/2024 - 9:34:25
[34minfo[39m: GET en /assets/img/city.jpg - at 20/3/2024 - 9:34:25
[34minfo[39m: POST en /api/password/update - at 20/3/2024 - 9:34:32
[34minfo[39m: GET en /passwordreset/1838d486-34d0-48f1-90fd-6ef9e3075c81 - at 20/3/2024 - 9:36:16
[34minfo[39m: GET en /assets/css/bootstrap.min.css - at 20/3/2024 - 9:36:16
[34minfo[39m: GET en /assets/css/material-kit.css - at 20/3/2024 - 9:36:16
[34minfo[39m: GET en /js/passwordreset.js - at 20/3/2024 - 9:36:16
[34minfo[39m: GET en /assets/js/jquery.min.js - at 20/3/2024 - 9:36:16
[34minfo[39m: GET en /assets/js/bootstrap.min.js - at 20/3/2024 - 9:36:16
[34minfo[39m: GET en /assets/js/material.min.js - at 20/3/2024 - 9:36:16
[34minfo[39m: GET en /assets/js/nouislider.min.js - at 20/3/2024 - 9:36:16
[34minfo[39m: GET en /assets/js/bootstrap-datepicker.js - at 20/3/2024 - 9:36:16
[34minfo[39m: GET en /assets/js/material-kit.js - at 20/3/2024 - 9:36:16
[34minfo[39m: GET en /assets/img/city.jpg - at 20/3/2024 - 9:36:17
[34minfo[39m: POST en /api/password/update - at 20/3/2024 - 9:36:23
[34minfo[39m: GET en /linkpasswordreset - at 20/3/2024 - 9:36:32
[34minfo[39m: GET en /assets/css/bootstrap.min.css - at 20/3/2024 - 9:36:32
[34minfo[39m: GET en /assets/css/material-kit.css - at 20/3/2024 - 9:36:32
[34minfo[39m: GET en /js/linkpasswordreset.js - at 20/3/2024 - 9:36:32
[34minfo[39m: GET en /assets/js/bootstrap.min.js - at 20/3/2024 - 9:36:32
[34minfo[39m: GET en /assets/js/jquery.min.js - at 20/3/2024 - 9:36:32
[34minfo[39m: GET en /assets/js/material.min.js - at 20/3/2024 - 9:36:32
[34minfo[39m: GET en /assets/js/nouislider.min.js - at 20/3/2024 - 9:36:32
[34minfo[39m: GET en /assets/js/bootstrap-datepicker.js - at 20/3/2024 - 9:36:32
[34minfo[39m: GET en /assets/js/material-kit.js - at 20/3/2024 - 9:36:32
[34minfo[39m: GET en /assets/img/city.jpg - at 20/3/2024 - 9:36:32
[34minfo[39m: GET en /passwordreset/1838d486-34d0-48f1-90fd-6ef9e3075c81 - at 20/3/2024 - 9:37:52
[34minfo[39m: GET en /assets/css/bootstrap.min.css - at 20/3/2024 - 9:37:52
[34minfo[39m: GET en /assets/css/material-kit.css - at 20/3/2024 - 9:37:52
[34minfo[39m: GET en /js/passwordreset.js - at 20/3/2024 - 9:37:52
[34minfo[39m: GET en /assets/js/jquery.min.js - at 20/3/2024 - 9:37:52
[34minfo[39m: GET en /assets/js/bootstrap.min.js - at 20/3/2024 - 9:37:52
[34minfo[39m: GET en /assets/js/material.min.js - at 20/3/2024 - 9:37:52
[34minfo[39m: GET en /assets/js/nouislider.min.js - at 20/3/2024 - 9:37:52
[34minfo[39m: GET en /assets/js/bootstrap-datepicker.js - at 20/3/2024 - 9:37:52
[34minfo[39m: GET en /assets/js/material-kit.js - at 20/3/2024 - 9:37:52
[34minfo[39m: GET en /assets/img/city.jpg - at 20/3/2024 - 9:37:53
[34minfo[39m: GET en /assets/img/favicon.png - at 20/3/2024 - 9:37:53
[34minfo[39m: POST en /api/password/update - at 20/3/2024 - 9:37:58
[34minfo[39m: GET en /linkpasswordreset - at 20/3/2024 - 9:38:01
[34minfo[39m: GET en /assets/css/bootstrap.min.css - at 20/3/2024 - 9:38:01
[34minfo[39m: GET en /assets/css/material-kit.css - at 20/3/2024 - 9:38:01
[34minfo[39m: GET en /js/linkpasswordreset.js - at 20/3/2024 - 9:38:01
[34minfo[39m: GET en /assets/js/jquery.min.js - at 20/3/2024 - 9:38:01
[34minfo[39m: GET en /assets/js/bootstrap.min.js - at 20/3/2024 - 9:38:01
[34minfo[39m: GET en /assets/js/material.min.js - at 20/3/2024 - 9:38:01
[34minfo[39m: GET en /assets/js/nouislider.min.js - at 20/3/2024 - 9:38:01
[34minfo[39m: GET en /assets/js/bootstrap-datepicker.js - at 20/3/2024 - 9:38:01
[34minfo[39m: GET en /assets/js/material-kit.js - at 20/3/2024 - 9:38:01
[34minfo[39m: GET en /assets/img/city.jpg - at 20/3/2024 - 9:38:01
[34minfo[39m: POST en /api/password/update - at 20/3/2024 - 9:42:44
[34minfo[39m: GET en /api/extend/users/login - at 20/3/2024 - 9:45:15
[34minfo[39m: POST en /api/extend/users/login - at 20/3/2024 - 9:45:22
[34minfo[39m: POST en /api/extend/users/login - at 20/3/2024 - 9:47:07
[34minfo[39m: GET en / - at 20/3/2024 - 9:47:33
[34minfo[39m: GET en /assets/css/bootstrap.min.css - at 20/3/2024 - 9:47:33
[34minfo[39m: GET en /assets/css/material-kit.css - at 20/3/2024 - 9:47:33
[34minfo[39m: GET en /assets/js/material.min.js - at 20/3/2024 - 9:47:33
[34minfo[39m: GET en /assets/js/bootstrap.min.js - at 20/3/2024 - 9:47:33
[34minfo[39m: GET en /assets/js/jquery.min.js - at 20/3/2024 - 9:47:33
[34minfo[39m: GET en /assets/js/nouislider.min.js - at 20/3/2024 - 9:47:33
[34minfo[39m: GET en /assets/js/bootstrap-datepicker.js - at 20/3/2024 - 9:47:33
[34minfo[39m: GET en /assets/js/material-kit.js - at 20/3/2024 - 9:47:33
[34minfo[39m: GET en /assets/img/city.jpg - at 20/3/2024 - 9:47:33
[34minfo[39m: GET en /login - at 20/3/2024 - 9:47:35
[34minfo[39m: GET en /assets/css/bootstrap.min.css - at 20/3/2024 - 9:47:35
[34minfo[39m: GET en /assets/css/material-kit.css - at 20/3/2024 - 9:47:35
[34minfo[39m: GET en /assets/js/material.min.js - at 20/3/2024 - 9:47:35
[34minfo[39m: GET en /assets/js/jquery.min.js - at 20/3/2024 - 9:47:35
[34minfo[39m: GET en /assets/js/nouislider.min.js - at 20/3/2024 - 9:47:35
[34minfo[39m: GET en /assets/js/bootstrap.min.js - at 20/3/2024 - 9:47:35
[34minfo[39m: GET en /js/login.js - at 20/3/2024 - 9:47:35
[34minfo[39m: GET en /assets/js/material-kit.js - at 20/3/2024 - 9:47:35
[34minfo[39m: GET en /assets/js/bootstrap-datepicker.js - at 20/3/2024 - 9:47:35
[34minfo[39m: GET en /assets/img/city.jpg - at 20/3/2024 - 9:47:35
[34minfo[39m: POST en /api/extend/users/login - at 20/3/2024 - 9:47:43
[34minfo[39m: GET en /home - at 20/3/2024 - 9:47:44
[34minfo[39m: GET en /assets/css/bootstrap.min.css - at 20/3/2024 - 9:47:44
[34minfo[39m: GET en /assets/css/material-kit.css - at 20/3/2024 - 9:47:44
[34minfo[39m: GET en /assets/js/jquery.min.js - at 20/3/2024 - 9:47:44
[34minfo[39m: GET en /assets/js/bootstrap.min.js - at 20/3/2024 - 9:47:44
[34minfo[39m: GET en /assets/js/material.min.js - at 20/3/2024 - 9:47:44
[34minfo[39m: GET en /assets/js/nouislider.min.js - at 20/3/2024 - 9:47:44
[34minfo[39m: GET en /assets/js/bootstrap-datepicker.js - at 20/3/2024 - 9:47:44
[34minfo[39m: GET en /assets/js/material-kit.js - at 20/3/2024 - 9:47:44
[34minfo[39m: GET en /assets/img/city.jpg - at 20/3/2024 - 9:47:44
[34minfo[39m: POST en /api/extend/users/login - at 20/3/2024 - 9:48:45
[34minfo[39m: POST en /api/extend/users/login - at 20/3/2024 - 9:49:41
[34minfo[39m: POST en /api/products - at 20/3/2024 - 9:50:30
[34minfo[39m: POST en /api/products - at 20/3/2024 - 9:54:57
[34minfo[39m: POST en /api/products - at 20/3/2024 - 9:55:26
[34minfo[39m: POST en /api/products - at 20/3/2024 - 9:58:14
[34minfo[39m: POST en /api/products - at 20/3/2024 - 11:36:26
[34minfo[39m: GET en /login - at 20/3/2024 - 11:36:28
[34minfo[39m: POST en /api/products - at 20/3/2024 - 11:40:14
[34minfo[39m: GET en /login - at 20/3/2024 - 11:40:14
[34minfo[39m: POST en /api/products - at 20/3/2024 - 11:40:29
[34minfo[39m: GET en /login - at 20/3/2024 - 11:40:29
[34minfo[39m: POST en /api/products - at 20/3/2024 - 11:42:55
[34minfo[39m: POST en /api/products - at 20/3/2024 - 11:44:59
[34minfo[39m: POST en /api/products - at 20/3/2024 - 11:45:01
[34minfo[39m: POST en /api/products - at 20/3/2024 - 11:46:11
[34minfo[39m: POST en /api/extend/users/login - at 20/3/2024 - 11:46:19
[34minfo[39m: POST en /api/products - at 20/3/2024 - 11:46:45
[34minfo[39m: POST en /api/products - at 20/3/2024 - 12:11:12
[34minfo[39m: POST en /api/extend/users/login - at 20/3/2024 - 12:11:21
[34minfo[39m: POST en /api/products - at 20/3/2024 - 12:11:35
[34minfo[39m: POST en /api/products - at 20/3/2024 - 12:13:28
[34minfo[39m: POST en /api/products - at 20/3/2024 - 12:14:32
[34minfo[39m: POST en /api/products - at 20/3/2024 - 12:19:14
[34minfo[39m: POST en /api/products - at 20/3/2024 - 12:19:54
[34minfo[39m: POST en /api/products - at 20/3/2024 - 12:48:53
[34minfo[39m: POST en /api/products - at 20/3/2024 - 12:50:23
[34minfo[39m: POST en /api/products - at 20/3/2024 - 12:51:11
[34minfo[39m: POST en /api/products - at 20/3/2024 - 12:53:42
[34minfo[39m: POST en /api/products - at 20/3/2024 - 12:59:35
[34minfo[39m: POST en /api/products - at 20/3/2024 - 13:00:25
[34minfo[39m: POST en /api/products - at 20/3/2024 - 13:02:26
[34minfo[39m: POST en /api/products - at 20/3/2024 - 13:05:22
[34minfo[39m: POST en /api/products - at 20/3/2024 - 13:07:33
[34minfo[39m: POST en /api/products - at 20/3/2024 - 13:10:35
[34minfo[39m: POST en /api/products - at 20/3/2024 - 13:19:16
[34minfo[39m: POST en /api/extend/users/login - at 20/3/2024 - 13:19:29
[34minfo[39m: POST en /api/products - at 20/3/2024 - 13:19:47
[34minfo[39m: POST en /api/products - at 20/3/2024 - 13:22:15
[34minfo[39m: POST en /api/products - at 20/3/2024 - 13:22:54
[34minfo[39m: POST en /api/products - at 20/3/2024 - 13:23:58
[34minfo[39m: POST en /api/products - at 20/3/2024 - 13:28:56
[34minfo[39m: POST en /api/products - at 20/3/2024 - 13:33:15
[34minfo[39m: POST en /api/products - at 20/3/2024 - 13:33:51
[34minfo[39m: POST en /api/products - at 20/3/2024 - 13:35:49
[34minfo[39m: POST en /api/products - at 20/3/2024 - 13:36:07
[34minfo[39m: GET en /assets/css/material-kit.css - at 20/3/2024 - 13:48:14
[34minfo[39m: GET en /assets/css/bootstrap.min.css - at 20/3/2024 - 13:48:14
[34minfo[39m: GET en /assets/js/bootstrap-datepicker.js - at 20/3/2024 - 13:48:14
[34minfo[39m: GET en /assets/js/bootstrap.min.js - at 20/3/2024 - 13:48:14
[34minfo[39m: GET en /assets/js/jquery.min.js - at 20/3/2024 - 13:48:14
[34minfo[39m: GET en /assets/js/material-kit.js - at 20/3/2024 - 13:48:14
[34minfo[39m: GET en /assets/js/material.min.js - at 20/3/2024 - 13:48:15
[34minfo[39m: GET en /assets/js/nouislider.min.js - at 20/3/2024 - 13:48:15
[34minfo[39m: GET en /assets/img/city.jpg - at 20/3/2024 - 13:48:15
[34minfo[39m: POST en /api/products - at 20/3/2024 - 13:55:44
[34minfo[39m: POST en /api/products - at 20/3/2024 - 13:56:12
[34minfo[39m: POST en /api/products - at 20/3/2024 - 13:56:47
[34minfo[39m: POST en /api/products - at 20/3/2024 - 13:57:31
[34minfo[39m: POST en /api/products - at 20/3/2024 - 14:24:21
[34minfo[39m: POST en /api/extend/users/login - at 20/3/2024 - 14:24:51
[34minfo[39m: POST en /api/products - at 20/3/2024 - 14:25:12
[34minfo[39m: POST en /api/products - at 20/3/2024 - 14:25:34
[34minfo[39m: POST en /api/products - at 20/3/2024 - 14:26:05
[34minfo[39m: POST en /api/products - at 20/3/2024 - 14:30:27
[34minfo[39m: POST en /api/products - at 20/3/2024 - 14:32:11
[34minfo[39m: POST en /api/products - at 20/3/2024 - 14:33:09
[34minfo[39m: POST en /api/products - at 20/3/2024 - 14:34:09
[34minfo[39m: DELETE en /api/products/65fb1e1180b9ccf7397adf60 - at 20/3/2024 - 14:36:55
[34minfo[39m: POST en /api/products - at 20/3/2024 - 14:37:34
[34minfo[39m: DELETE en /api/products/65fb1ede80b9ccf7397adf64 - at 20/3/2024 - 14:38:10
[34minfo[39m: DELETE en /api/products/65fb1ede80b9ccf7397adf64 - at 20/3/2024 - 14:40:37
[34minfo[39m: DELETE en /api/products/65fb1ede80b9ccf7397adf64 - at 20/3/2024 - 14:41:56
[34minfo[39m: DELETE en /api/products/65fb1ede80b9ccf7397adf64 - at 20/3/2024 - 14:43:03
[34minfo[39m: DELETE en /api/products/65fb1ede80b9ccf7397adf64 - at 20/3/2024 - 14:51:11
[34minfo[39m: DELETE en /api/products/65fb1ede80b9ccf7397adf64 - at 20/3/2024 - 14:52:01
[34minfo[39m: POST en /api/extend/users/login - at 20/3/2024 - 15:10:06
[34minfo[39m: DELETE en /api/products/65fb1ede80b9ccf7397adf64 - at 20/3/2024 - 15:10:23
[34minfo[39m: DELETE en /api/products/65fb1ede80b9ccf7397adf64 - at 20/3/2024 - 15:11:40
[34minfo[39m: DELETE en /api/products/65fb1ede80b9ccf7397adf64 - at 20/3/2024 - 15:12:18
[34minfo[39m: POST en /api/extend/users/login - at 20/3/2024 - 15:14:04
[34minfo[39m: POST en /api/extend/users/login - at 20/3/2024 - 15:15:52
[34minfo[39m: POST en /api/products - at 20/3/2024 - 15:16:12
[34minfo[39m: PUT en /api/products/65fb27ed4588093e871a0920 - at 20/3/2024 - 15:17:00
[34minfo[39m: PUT en /api/products/65fb27ed4588093e871a0920 - at 20/3/2024 - 15:18:40
[34minfo[39m: PUT en /api/products/65fb27ed4588093e871a0920 - at 20/3/2024 - 15:19:12
[34minfo[39m: PUT en /api/products/65fb27ed4588093e871a0920 - at 20/3/2024 - 15:19:51
[34minfo[39m: POST en /api/extend/users/login - at 20/3/2024 - 15:20:01
[34minfo[39m: PUT en /api/products/65fb27ed4588093e871a0920 - at 20/3/2024 - 15:20:17
[34minfo[39m: PUT en /api/products/65fb27ed4588093e871a0920 - at 20/3/2024 - 15:21:01
[34minfo[39m: POST en /api/carts - at 20/3/2024 - 15:27:46
[34minfo[39m: POST en /api/extend/users/login - at 20/3/2024 - 15:28:04
[34minfo[39m: POST en /api/carts - at 20/3/2024 - 15:28:29
[34minfo[39m: POST en /api/carts - at 20/3/2024 - 15:28:32
[34minfo[39m: POST en /api/carts - at 20/3/2024 - 15:31:31
[34minfo[39m: POST en /api/carts - at 20/3/2024 - 15:36:36
[34minfo[39m: POST en /api/carts - at 20/3/2024 - 15:37:27
[34minfo[39m: POST en /api/carts - at 20/3/2024 - 15:41:42
[34minfo[39m: POST en /api/carts - at 20/3/2024 - 15:49:19
[34minfo[39m: POST en /api/carts - at 20/3/2024 - 15:49:58
[34minfo[39m: POST en /api/carts - at 20/3/2024 - 15:52:56
[34minfo[39m: POST en /api/carts - at 20/3/2024 - 15:56:18
[34minfo[39m: POST en /api/carts - at 20/3/2024 - 15:56:49
[34minfo[39m: POST en /api/carts - at 20/3/2024 - 16:34:16
[34minfo[39m: POST en /api/extend/users/login - at 20/3/2024 - 16:34:27
[34minfo[39m: POST en /api/carts - at 20/3/2024 - 16:34:46
[34minfo[39m: POST en /api/carts - at 20/3/2024 - 16:35:15
[34minfo[39m: POST en /api/carts - at 20/3/2024 - 16:41:51
[34minfo[39m: POST en /api/carts - at 20/3/2024 - 16:42:25
[34minfo[39m: POST en /api/carts - at 20/3/2024 - 16:47:36
[34minfo[39m: POST en /api/carts - at 20/3/2024 - 16:48:50
[34minfo[39m: POST en /api/carts - at 20/3/2024 - 16:52:14
[34minfo[39m: POST en /api/carts - at 20/3/2024 - 17:04:12
[34minfo[39m: POST en /api/carts - at 20/3/2024 - 17:05:28
[34minfo[39m: POST en /api/carts - at 20/3/2024 - 17:07:25
[34minfo[39m: POST en /api/carts - at 20/3/2024 - 17:09:26
[34minfo[39m: POST en /api/products - at 20/3/2024 - 17:15:05
[34minfo[39m: POST en /api/carts - at 20/3/2024 - 17:18:39
[34minfo[39m: POST en /api/carts - at 20/3/2024 - 17:19:32
[34minfo[39m: POST en /api/carts - at 20/3/2024 - 17:21:06
[34minfo[39m: POST en /api/carts - at 20/3/2024 - 17:25:46
[34minfo[39m: POST en /api/carts - at 20/3/2024 - 17:37:13
[34minfo[39m: POST en /api/extend/users/login - at 20/3/2024 - 17:37:23
[34minfo[39m: POST en /api/carts - at 20/3/2024 - 17:37:38
[34minfo[39m: POST en /api/carts - at 20/3/2024 - 17:39:18
[34minfo[39m: POST en /api/carts - at 20/3/2024 - 17:41:53
[34minfo[39m: POST en /api/carts - at 20/3/2024 - 17:43:09
[34minfo[39m: POST en /api/carts - at 20/3/2024 - 17:43:38
[34minfo[39m: POST en /api/carts - at 20/3/2024 - 17:45:35
[34minfo[39m: POST en /api/carts - at 20/3/2024 - 17:48:07
[34minfo[39m: POST en /api/carts - at 20/3/2024 - 17:48:23
[34minfo[39m: POST en /api/carts - at 20/3/2024 - 17:51:01
[34minfo[39m: POST en /api/carts - at 20/3/2024 - 18:01:48
